<?xml version="1.0" encoding="UTF-8"?>
<!-- Generated by org.testng.reporters.JUnitReportReporter -->
<testsuite hostname="LAPTOP-8OEIDSFM" failures="0" tests="1" name="verifyFriendsAdded" time="1.998" errors="0" timestamp="02 Nov 2022 10:19:16 GMT" skipped="0">
  <testcase classname="verifyFriendsAdded" name="verifyFriendsAddedSimple_Test" time="1.998"/>
</testsuite> <!-- verifyFriendsAdded -->
