<?xml version="1.0" encoding="UTF-8"?>
<!-- Generated by org.testng.reporters.JUnitReportReporter -->
<testsuite hostname="LAPTOP-8OEIDSFM" failures="0" tests="1" name="APIAutomationWithRqstspecBuider" time="4.466" errors="0" timestamp="03 Nov 2022 07:19:14 GMT" skipped="0">
  <testcase classname="APIAutomationWithRqstspecBuider" name="verifySuccessforZip" time="4.466"/>
</testsuite> <!-- APIAutomationWithRqstspecBuider -->
